<?xml version="1.0" encoding="UTF-8"?>
<!-- Generated by org.testng.reporters.JUnitReportReporter -->
<testsuite hostname="snail" failures="0" tests="1" name="FunctionalTest.Delivery" time="21.225" errors="0" timestamp="2023-07-30T19:17:49 COT" skipped="0">
  <testcase classname="FunctionalTest.Delivery" name="delivery" time="21.225"/>
  <system-out/>
</testsuite> <!-- FunctionalTest.Delivery -->
